2024-03-31 09:21:21,111 [INFO] Activator:176 - 


2024-03-31 09:21:21,114 [INFO] Activator:177 - !SESSION log4j initialized
2024-03-31 09:21:23,171 [INFO] LogOutputStream:77 - [STDOUT_REDIRECT] 
2024-03-31 09:21:23,603 [ERROR] ConfigurationRetriever:142 - IOException on connection: sw-center.st.com
2024-03-31 09:21:23,604 [ERROR] ConfigurationRetriever:142 - IOException on connection: sw-center.st.com
2024-03-31 09:21:23,604 [ERROR] ConfigurationRetriever:142 - IOException on connection: sw-center.st.com
2024-03-31 09:21:23,866 [INFO] ApplicationProperties:184 - Using Application install path: /opt/st/stm32cubeide_1.15.0/plugins/com.st.stm32cube.common.mx_6.11.0.202403141607
2024-03-31 09:21:23,896 [INFO] DbMcusXml:78 - Set database path to: /opt/st/stm32cubeide_1.15.0/plugins/com.st.stm32cube.common.mx_6.11.0.202403141607//db//mcu/
2024-03-31 09:21:23,896 [INFO] ApiDb:274 - Set plugin database path to: /opt/st/stm32cubeide_1.15.0/plugins/com.st.stm32cube.common.mx_6.11.0.202403141607//db//plugins/boardmanager/
2024-03-31 09:21:23,896 [WARN] ApiDb:259 - Overriding images path with different value:  => /opt/st/stm32cubeide_1.15.0/plugins/com.st.stm32cube.common.mx_6.11.0.202403141607//db//plugins/mcufinder/images/
2024-03-31 09:21:23,903 [INFO] ApiDb:250 - Set database path to: /home/parag/.stmcufinder/plugins/mcufinder//mcu/
2024-03-31 09:21:23,904 [INFO] DbMcusAds:125 - Set database path to: /home/parag/.stmcufinder/plugins/mcufinder//mcu/
2024-03-31 09:21:23,907 [INFO] CrossReferenceDbSqlite:203 - Set database path to: /home/parag/.stmcufinder/plugins/mcufinder//mcu/cs/
2024-03-31 09:21:24,061 [INFO] RulesReader:64 - Compatibility file has been processed (297 Rules)
2024-03-31 09:21:24,114 [INFO] DbMcusXml:78 - Set database path to: /opt/st/stm32cubeide_1.15.0/plugins/com.st.stm32cube.common.mx_6.11.0.202403141607//db//mcu/
2024-03-31 09:21:24,114 [INFO] ApiDb:274 - Set plugin database path to: /opt/st/stm32cubeide_1.15.0/plugins/com.st.stm32cube.common.mx_6.11.0.202403141607//db//plugins/boardmanager/
2024-03-31 09:21:24,114 [INFO] ApiDb:261 - Set plugin images path to: /opt/st/stm32cubeide_1.15.0/plugins/com.st.stm32cube.common.mx_6.11.0.202403141607//db//plugins/mcufinder/images/
2024-03-31 09:21:24,115 [WARN] DbFile:41 - Overriding database path with different value: /home/parag/.stmcufinder/plugins/mcufinder/ => /home/parag/.stmcufinder/plugins/mcufinder
2024-03-31 09:21:24,115 [INFO] ApiDb:250 - Set database path to: /home/parag/.stmcufinder/plugins/mcufinder//mcu/
2024-03-31 09:21:24,115 [WARN] DbFile:41 - Overriding database path with different value: /home/parag/.stmcufinder/plugins/mcufinder/ => /home/parag/.stmcufinder/plugins/mcufinder
2024-03-31 09:21:24,115 [INFO] DbMcusAds:125 - Set database path to: /home/parag/.stmcufinder/plugins/mcufinder//mcu/
2024-03-31 09:21:24,115 [WARN] DbFile:41 - Overriding database path with different value: /home/parag/.stmcufinder/plugins/mcufinder/ => /home/parag/.stmcufinder/plugins/mcufinder
2024-03-31 09:21:24,115 [WARN] DbFile:41 - Overriding database path with different value: /home/parag/.stmcufinder/plugins/mcufinder/ => /home/parag/.stmcufinder/plugins/mcufinder
2024-03-31 09:21:24,115 [INFO] CrossReferenceDbSqlite:203 - Set database path to: /home/parag/.stmcufinder/plugins/mcufinder//mcu/cs/
2024-03-31 09:21:24,180 [INFO] MainPanel:264 - HeapMemory: 268435456
2024-03-31 09:21:24,292 [INFO] DbMcusXml:78 - Set database path to: /opt/st/stm32cubeide_1.15.0/plugins/com.st.stm32cube.common.mx_6.11.0.202403141607//db//mcu/
2024-03-31 09:21:24,292 [INFO] ApiDb:274 - Set plugin database path to: /opt/st/stm32cubeide_1.15.0/plugins/com.st.stm32cube.common.mx_6.11.0.202403141607//db//plugins/boardmanager/
2024-03-31 09:21:24,293 [INFO] ApiDb:261 - Set plugin images path to: /opt/st/stm32cubeide_1.15.0/plugins/com.st.stm32cube.common.mx_6.11.0.202403141607//db//plugins/mcufinder/images/
2024-03-31 09:21:24,293 [WARN] DbFile:41 - Overriding database path with different value: /home/parag/.stmcufinder/plugins/mcufinder/ => /home/parag/.stmcufinder/plugins/mcufinder
2024-03-31 09:21:24,293 [INFO] ApiDb:250 - Set database path to: /home/parag/.stmcufinder/plugins/mcufinder//mcu/
2024-03-31 09:21:24,293 [WARN] DbFile:41 - Overriding database path with different value: /home/parag/.stmcufinder/plugins/mcufinder/ => /home/parag/.stmcufinder/plugins/mcufinder
2024-03-31 09:21:24,293 [INFO] DbMcusAds:125 - Set database path to: /home/parag/.stmcufinder/plugins/mcufinder//mcu/
2024-03-31 09:21:24,293 [WARN] DbFile:41 - Overriding database path with different value: /home/parag/.stmcufinder/plugins/mcufinder/ => /home/parag/.stmcufinder/plugins/mcufinder
2024-03-31 09:21:24,294 [WARN] DbFile:41 - Overriding database path with different value: /home/parag/.stmcufinder/plugins/mcufinder/ => /home/parag/.stmcufinder/plugins/mcufinder
2024-03-31 09:21:24,294 [INFO] CrossReferenceDbSqlite:203 - Set database path to: /home/parag/.stmcufinder/plugins/mcufinder//mcu/cs/
2024-03-31 09:21:24,315 [INFO] ApplicationProperties:184 - Using Application install path: /opt/st/stm32cubeide_1.15.0/plugins/com.st.stm32cube.common.mx_6.11.0.202403141607
2024-03-31 09:21:24,317 [INFO] PluginManage:196 - Search for loadable plugins [exclusion list=, ]
2024-03-31 09:21:24,320 [INFO] PluginManage:310 - Check plugin analytics
2024-03-31 09:21:24,493 [INFO] AnalyticsPlugin:253 - Accepted Software Licenses: 
2024-03-31 09:21:24,493 [INFO] AnalyticsPlugin:255 - Accepted CMSIS Pack Licenses: 
2024-03-31 09:21:24,493 [INFO] AnalyticsPlugin:257 - Accepted Firmware Licenses: 
2024-03-31 09:21:24,495 [INFO] PluginManage:359 - Loaded plugin analytics (category:tool,tabindex:-1)
2024-03-31 09:21:24,496 [INFO] PluginManage:310 - Check plugin cadmodel
2024-03-31 09:21:24,498 [ERROR] ConfigurationRetriever:142 - IOException on connection: sw-center.st.com
2024-03-31 09:21:24,499 [ERROR] ConfigurationRetriever:142 - IOException on connection: sw-center.st.com
2024-03-31 09:21:24,499 [ERROR] ConfigurationRetriever:142 - IOException on connection: sw-center.st.com
2024-03-31 09:21:24,524 [INFO] CADModel:105 - Init CAD model plugin
2024-03-31 09:21:24,524 [INFO] PluginManage:359 - Loaded plugin cadmodel (category:power,tabindex:5)
2024-03-31 09:21:24,525 [INFO] PluginManage:310 - Check plugin clock
2024-03-31 09:21:24,541 [INFO] PluginManage:359 - Loaded plugin clock (category:base,tabindex:2)
2024-03-31 09:21:24,541 [INFO] PluginManage:310 - Check plugin ddr
2024-03-31 09:21:24,544 [INFO] PluginManage:359 - Loaded plugin ddr (category:tool,tabindex:6)
2024-03-31 09:21:24,544 [INFO] PluginManage:310 - Check plugin filemanager
2024-03-31 09:21:24,685 [INFO] PluginManage:359 - Loaded plugin filemanager (category:base,tabindex:10)
2024-03-31 09:21:24,685 [INFO] PluginManage:310 - Check plugin ipmanager
2024-03-31 09:21:24,690 [INFO] PluginManage:359 - Loaded plugin ipmanager (category:base,tabindex:5)
2024-03-31 09:21:24,691 [INFO] PluginManage:310 - Check plugin lpbam
2024-03-31 09:21:24,700 [INFO] PluginManage:359 - Loaded plugin lpbam (category:base,tabindex:0)
2024-03-31 09:21:24,700 [INFO] PluginManage:310 - Check plugin memorymap
2024-03-31 09:21:24,712 [INFO] PluginManage:359 - Loaded plugin memorymap (category:base,tabindex:4)
2024-03-31 09:21:24,712 [INFO] PluginManage:310 - Check plugin pinoutandconfiguration
2024-03-31 09:21:24,720 [INFO] PluginManage:359 - Loaded plugin pinoutandconfiguration (category:base,tabindex:1)
2024-03-31 09:21:24,720 [INFO] PluginManage:310 - Check plugin pinoutconfig
2024-03-31 09:21:24,821 [WARN] SupportedApi:132 - Cannot load RTOS API schema: s4s-elt-must-match.1: The content of 'definitions' must match (annotation?, (simpleType | complexType)?, (unique | key | keyref)*)). A problem was found starting at: attribute.
2024-03-31 09:21:24,984 [INFO] PluginManage:359 - Loaded plugin pinoutconfig (category:base,tabindex:0)
2024-03-31 09:21:24,984 [INFO] PluginManage:310 - Check plugin power
2024-03-31 09:21:24,995 [INFO] PluginManage:359 - Loaded plugin power (category:power,tabindex:4)
2024-03-31 09:21:24,996 [INFO] PluginManage:310 - Check plugin projectmanager
2024-03-31 09:21:25,013 [INFO] PluginManage:359 - Loaded plugin projectmanager (category:projectmanager,tabindex:3)
2024-03-31 09:21:25,014 [INFO] PluginManage:310 - Check plugin thirdparty
2024-03-31 09:21:25,133 [INFO] PluginManage:359 - Loaded plugin thirdparty (category:base,tabindex:-1)
2024-03-31 09:21:25,133 [WARN] IntegrityCheckThread:84 - waiting for thirdparty lock release [integrity check]
2024-03-31 09:21:25,133 [INFO] IntegrityCheckThread:86 - entering critical section [integrity check]
2024-03-31 09:21:25,133 [INFO] PluginManage:310 - Check plugin tools
2024-03-31 09:21:25,133 [INFO] ThirdPartyUpdaterWithRetryManager:70 - Updater plugin not ready yet. [1/15]
2024-03-31 09:21:25,135 [INFO] PluginManage:359 - Loaded plugin tools (category:base,tabindex:7)
2024-03-31 09:21:25,135 [INFO] PluginManage:310 - Check plugin tutovideos
2024-03-31 09:21:25,283 [INFO] PluginManage:359 - Loaded plugin tutovideos (category:base,tabindex:-1)
2024-03-31 09:21:25,283 [INFO] PluginManage:310 - Check plugin updater
2024-03-31 09:21:25,292 [INFO] PluginManage:359 - Loaded plugin updater (category:base,tabindex:12)
2024-03-31 09:21:25,292 [INFO] PluginManage:310 - Check plugin userauth
2024-03-31 09:21:25,296 [INFO] UserAuth:114 - Init User Auth plugin
2024-03-31 09:21:25,297 [INFO] PluginManage:359 - Loaded plugin userauth (category:base,tabindex:14)
2024-03-31 09:21:25,297 [INFO] PluginManage:283 - PluginManage : Loaded plugins [17]
2024-03-31 09:21:25,443 [INFO] PinOutPanel:1561 - setPackage(No Configuration,No Configuration)
2024-03-31 09:21:25,486 [INFO] CADModel:165 - CPN selected for project level
2024-03-31 09:21:25,486 [INFO] CADModel:114 - Register for checkConnection events
2024-03-31 09:21:25,495 [INFO] IPUIPlugin:80 - create IPUIPlugin
2024-03-31 09:21:25,495 [INFO] PluginManager:220 - loadIPPluginJar : add tim
2024-03-31 09:21:25,498 [INFO] IPUIPlugin:80 - create IPUIPlugin
2024-03-31 09:21:25,498 [INFO] PluginManager:220 - loadIPPluginJar : add hash
2024-03-31 09:21:25,504 [INFO] IPUIPlugin:80 - create IPUIPlugin
2024-03-31 09:21:25,504 [INFO] PluginManager:220 - loadIPPluginJar : add adc
2024-03-31 09:21:25,505 [INFO] IPUIPlugin:80 - create IPUIPlugin
2024-03-31 09:21:25,505 [INFO] PluginManager:220 - loadIPPluginJar : add ltdc
2024-03-31 09:21:25,510 [INFO] IPUIPlugin:80 - create IPUIPlugin
2024-03-31 09:21:25,510 [INFO] PluginManager:220 - loadIPPluginJar : add dma
2024-03-31 09:21:25,512 [INFO] IPUIPlugin:80 - create IPUIPlugin
2024-03-31 09:21:25,513 [INFO] PluginManager:220 - loadIPPluginJar : add touchsensing
2024-03-31 09:21:25,513 [INFO] IPUIPlugin:80 - create IPUIPlugin
2024-03-31 09:21:25,514 [INFO] PluginManager:220 - loadIPPluginJar : add quadspi
2024-03-31 09:21:25,515 [INFO] IPUIPlugin:80 - create IPUIPlugin
2024-03-31 09:21:25,515 [INFO] PluginManager:220 - loadIPPluginJar : add ts
2024-03-31 09:21:25,519 [INFO] IPUIPlugin:80 - create IPUIPlugin
2024-03-31 09:21:25,519 [INFO] PluginManager:220 - loadIPPluginJar : add gic
2024-03-31 09:21:25,523 [INFO] IPUIPlugin:80 - create IPUIPlugin
2024-03-31 09:21:25,523 [INFO] PluginManager:220 - loadIPPluginJar : add gpio
2024-03-31 09:21:25,524 [INFO] IPUIPlugin:80 - create IPUIPlugin
2024-03-31 09:21:25,525 [INFO] PluginManager:220 - loadIPPluginJar : add tsc
2024-03-31 09:21:25,529 [INFO] IPUIPlugin:80 - create IPUIPlugin
2024-03-31 09:21:25,529 [INFO] PluginManager:220 - loadIPPluginJar : add freertos
2024-03-31 09:21:25,531 [INFO] IPUIPlugin:80 - create IPUIPlugin
2024-03-31 09:21:25,531 [INFO] PluginManager:220 - loadIPPluginJar : add i3c
2024-03-31 09:21:25,533 [INFO] IPUIPlugin:80 - create IPUIPlugin
2024-03-31 09:21:25,533 [INFO] PluginManager:220 - loadIPPluginJar : add i2c
2024-03-31 09:21:25,535 [INFO] IPUIPlugin:80 - create IPUIPlugin
2024-03-31 09:21:25,536 [INFO] PluginManager:220 - loadIPPluginJar : add nvic
2024-03-31 09:21:25,539 [INFO] IPUIPlugin:80 - create IPUIPlugin
2024-03-31 09:21:25,539 [INFO] PluginManager:220 - loadIPPluginJar : add stm32_wpan
2024-03-31 09:21:25,541 [INFO] IPUIPlugin:80 - create IPUIPlugin
2024-03-31 09:21:25,541 [INFO] PluginManager:220 - loadIPPluginJar : add gfxmmu
2024-03-31 09:21:25,544 [INFO] IPUIPlugin:80 - create IPUIPlugin
2024-03-31 09:21:25,544 [INFO] PluginManager:220 - loadIPPluginJar : add can
2024-03-31 09:21:25,545 [INFO] IPUIPlugin:80 - create IPUIPlugin
2024-03-31 09:21:25,545 [INFO] PluginManager:220 - loadIPPluginJar : add ucpd
2024-03-31 09:21:25,547 [INFO] IPUIPlugin:80 - create IPUIPlugin
2024-03-31 09:21:25,547 [INFO] PluginManager:220 - loadIPPluginJar : add pdm2pcm
2024-03-31 09:21:25,549 [INFO] IPUIPlugin:80 - create IPUIPlugin
2024-03-31 09:21:25,549 [INFO] PluginManager:220 - loadIPPluginJar : add i2s
2024-03-31 09:21:25,550 [INFO] IPUIPlugin:80 - create IPUIPlugin
2024-03-31 09:21:25,550 [INFO] PluginManager:220 - loadIPPluginJar : add spi
2024-03-31 09:21:25,551 [INFO] IPUIPlugin:80 - create IPUIPlugin
2024-03-31 09:21:25,551 [INFO] PluginManager:220 - loadIPPluginJar : add comp
2024-03-31 09:21:25,553 [INFO] IPUIPlugin:80 - create IPUIPlugin
2024-03-31 09:21:25,553 [INFO] PluginManager:220 - loadIPPluginJar : add openamp
2024-03-31 09:21:25,560 [INFO] IPUIPlugin:80 - create IPUIPlugin
2024-03-31 09:21:25,560 [INFO] PluginManager:220 - loadIPPluginJar : add linkedlist
2024-03-31 09:21:25,562 [INFO] IPUIPlugin:80 - create IPUIPlugin
2024-03-31 09:21:25,562 [INFO] PluginManager:220 - loadIPPluginJar : add genericplugin
2024-03-31 09:21:25,563 [INFO] IPUIPlugin:80 - create IPUIPlugin
2024-03-31 09:21:25,563 [INFO] PluginManager:220 - loadIPPluginJar : add tracer_emb
2024-03-31 09:21:25,564 [INFO] IPUIPlugin:80 - create IPUIPlugin
2024-03-31 09:21:25,565 [INFO] PluginManager:220 - loadIPPluginJar : add lorawan
2024-03-31 09:21:25,566 [INFO] IPUIPlugin:80 - create IPUIPlugin
2024-03-31 09:21:25,566 [INFO] PluginManager:220 - loadIPPluginJar : add cryp
2024-03-31 09:21:25,568 [INFO] IPUIPlugin:80 - create IPUIPlugin
2024-03-31 09:21:25,568 [INFO] PluginManager:220 - loadIPPluginJar : add dma3
2024-03-31 09:21:25,569 [INFO] IPUIPlugin:80 - create IPUIPlugin
2024-03-31 09:21:25,569 [INFO] PluginManager:220 - loadIPPluginJar : add fatfs
2024-03-31 09:21:25,570 [INFO] IPUIPlugin:80 - create IPUIPlugin
2024-03-31 09:21:25,570 [INFO] PluginManager:220 - loadIPPluginJar : add usbx
2024-03-31 09:21:25,572 [INFO] IPUIPlugin:80 - create IPUIPlugin
2024-03-31 09:21:25,573 [INFO] PluginManager:220 - loadIPPluginJar : add extmemmanager
2024-03-31 09:21:25,575 [INFO] IPUIPlugin:80 - create IPUIPlugin
2024-03-31 09:21:25,576 [INFO] PluginManager:220 - loadIPPluginJar : add opamp
2024-03-31 09:21:25,580 [INFO] IPUIPlugin:80 - create IPUIPlugin
2024-03-31 09:21:25,581 [INFO] PluginManager:220 - loadIPPluginJar : add plateformsettings
2024-03-31 09:21:25,583 [INFO] IPUIPlugin:80 - create IPUIPlugin
2024-03-31 09:21:25,583 [INFO] PluginManager:220 - loadIPPluginJar : add dfsdm
2024-03-31 09:21:25,585 [INFO] IPUIPlugin:80 - create IPUIPlugin
2024-03-31 09:21:25,585 [INFO] PluginManager:220 - loadIPPluginJar : add sai
2024-03-31 09:21:25,588 [INFO] IPUIPlugin:80 - create IPUIPlugin
2024-03-31 09:21:25,588 [INFO] PluginManager:220 - loadIPPluginJar : add resmgrutility
2024-03-31 09:21:25,589 [INFO] IPUIPlugin:80 - create IPUIPlugin
2024-03-31 09:21:25,589 [INFO] PluginManager:220 - loadIPPluginJar : add aes
2024-03-31 09:21:25,592 [INFO] IPUIPlugin:80 - create IPUIPlugin
2024-03-31 09:21:25,592 [INFO] PluginManager:220 - loadIPPluginJar : add usart
2024-03-31 09:21:25,594 [INFO] IPUIPlugin:80 - create IPUIPlugin
2024-03-31 09:21:25,594 [INFO] PluginManager:220 - loadIPPluginJar : add ipddr
2024-03-31 09:21:25,596 [INFO] IPUIPlugin:80 - create IPUIPlugin
2024-03-31 09:21:25,597 [INFO] PluginManager:220 - loadIPPluginJar : add gtzc
2024-03-31 09:21:25,600 [INFO] IPUIPlugin:80 - create IPUIPlugin
2024-03-31 09:21:25,600 [INFO] PluginManager:220 - loadIPPluginJar : add fmc
2024-03-31 09:21:25,605 [INFO] IPUIPlugin:80 - create IPUIPlugin
2024-03-31 09:21:25,605 [INFO] PluginManager:220 - loadIPPluginJar : add mdma
2024-03-31 09:21:25,723 [INFO] CADModel:165 - CPN selected for project level
2024-03-31 09:21:25,723 [INFO] CADModel:114 - Register for checkConnection events
2024-03-31 09:21:25,724 [FATAL] Updater:308 - Updater called before beeing initialized
2024-03-31 09:21:25,724 [ERROR] CADModel:125 - Updater not yet initialized, retry later 
2024-03-31 09:21:25,846 [INFO] CADModel:165 - CPN selected for project level
2024-03-31 09:21:25,847 [INFO] CADModel:114 - Register for checkConnection events
2024-03-31 09:21:25,847 [FATAL] Updater:308 - Updater called before beeing initialized
2024-03-31 09:21:25,847 [ERROR] CADModel:125 - Updater not yet initialized, retry later 
2024-03-31 09:21:25,849 [FATAL] Updater:308 - Updater called before beeing initialized
2024-03-31 09:21:25,894 [FATAL] Updater:308 - Updater called before beeing initialized
2024-03-31 09:21:25,897 [INFO] DbMcusAds:53 - JSON generation date=Wed Nov 29 16:22:27 IST 2023 (1701255147349)
2024-03-31 09:21:25,897 [FATAL] Updater:308 - Updater called before beeing initialized
2024-03-31 09:21:25,922 [WARN] DetailPanel:346 - Failed to get advertising image, set to default
2024-03-31 09:21:25,984 [FATAL] Updater:308 - Updater called before beeing initialized
2024-03-31 09:21:25,985 [FATAL] Updater:308 - Updater called before beeing initialized
2024-03-31 09:21:25,985 [FATAL] Updater:308 - Updater called before beeing initialized
2024-03-31 09:21:25,985 [WARN] DetailPanel:346 - Failed to get advertising image, set to default
2024-03-31 09:21:25,986 [FATAL] Updater:308 - Updater called before beeing initialized
2024-03-31 09:21:26,005 [ERROR] Updater:1120 - MainUpdater not yet initialized. External WinMGr cannot be set.
2024-03-31 09:21:26,007 [INFO] Updater:1056 - Updater Version found : 6.11.0
2024-03-31 09:21:26,020 [INFO] ApplicationProperties:184 - Using Application install path: /opt/st/stm32cubeide_1.15.0/plugins/com.st.stm32cube.common.mx_6.11.0.202403141607
2024-03-31 09:21:26,030 [ERROR] LogOutputStream:75 - [STDERR_REDIRECT] Mar 31, 2024 9:21:26 AM java.util.prefs.FileSystemPreferences$2 run
2024-03-31 09:21:26,030 [ERROR] LogOutputStream:75 - [STDERR_REDIRECT] WARNING: Could not create system preferences directory. System preferences are unusable.
2024-03-31 09:21:26,030 [ERROR] LogOutputStream:75 - [STDERR_REDIRECT] 
2024-03-31 09:21:26,139 [INFO] MainUpdater:2873 - connection check result : 22
2024-03-31 09:21:26,140 [INFO] MainUpdater:290 - Updater Check For Update Now.
2024-03-31 09:21:26,140 [INFO] MicroXplorer:498 - Change Database Version : DB.6.0.110
2024-03-31 09:21:26,144 [INFO] McuFinderGlobals:63 - Set McuFinder mode to 2 (CubeIDE integrated)
2024-03-31 09:21:26,144 [INFO] UserAuth:179 - activating auth plugin
2024-03-31 09:21:26,146 [INFO] UserAuth:415 - Internet connection configuration mode: 2
2024-03-31 09:21:26,151 [INFO] UserAuth:415 - Internet connection configuration mode: 2
2024-03-31 09:21:26,299 [INFO] CheckServerUpdateThread:120 - End of CheckServer Thread
2024-03-31 09:21:28,230 [WARN] PackLoader:240 - Cannot read IP mode file for STMicroelectronics.X-CUBE-SMBUS.2.1.0
2024-03-31 09:21:28,236 [WARN] PackLoader:240 - Cannot read IP mode file for STMicroelectronics.X-CUBE-TOUCHGFX.4.23.0
2024-03-31 09:21:28,268 [WARN] PackLoader:240 - Cannot read IP mode file for STMicroelectronics.X-CUBE-AZRTOS-F7.1.1.0
2024-03-31 09:21:28,303 [WARN] PackLoader:240 - Cannot read IP mode file for STMicroelectronics.FP-SNS-MOTENV1.4.3.2
2024-03-31 09:21:28,310 [WARN] PackLoader:240 - Cannot read IP mode file for STMicroelectronics.FP-SNS-FLIGHT1.5.0.2
2024-03-31 09:21:28,319 [WARN] PackLoader:240 - Cannot read IP mode file for STMicroelectronics.X-CUBE-DISPLAY.3.0.0
2024-03-31 09:21:28,331 [WARN] PackLoader:240 - Cannot read IP mode file for STMicroelectronics.X-CUBE-BLE1.7.0.0
2024-03-31 09:21:28,337 [WARN] PackLoader:240 - Cannot read IP mode file for emotas.I-CUBE-CANOPEN.1.3.0
2024-03-31 09:21:28,349 [WARN] PackLoader:240 - Cannot read IP mode file for STMicroelectronics.X-CUBE-BLEMGR.3.1.0
2024-03-31 09:21:28,357 [WARN] PackLoader:240 - Cannot read IP mode file for STMicroelectronics.FP-SNS-SMARTAG2.1.2.0
2024-03-31 09:21:28,370 [INFO] LogOutputStream:77 - [STDOUT_REDIRECT] 1 : Invalid condition id : UX_CORESTACK_Condition cause : null
2024-03-31 09:21:28,370 [INFO] LogOutputStream:77 - [STDOUT_REDIRECT] 1 : Invalid condition id : UX_CORESTACK_Condition cause : null
2024-03-31 09:21:28,370 [INFO] LogOutputStream:77 - [STDOUT_REDIRECT] 1 : Invalid condition id : UX_CORESTACK_Condition cause : null
2024-03-31 09:21:28,371 [INFO] LogOutputStream:77 - [STDOUT_REDIRECT] 1 : Invalid condition id : UX_CORESTACK_Condition cause : null
2024-03-31 09:21:28,371 [INFO] LogOutputStream:77 - [STDOUT_REDIRECT] 1 : Invalid condition id : UX_CORESTACK_Condition cause : null
2024-03-31 09:21:28,376 [WARN] PackLoader:240 - Cannot read IP mode file for STMicroelectronics.X-CUBE-AZRTOS-WL.2.0.0
2024-03-31 09:21:28,383 [WARN] PackLoader:240 - Cannot read IP mode file for WES.I-CUBE-Cesium.1.3.0
2024-03-31 09:21:28,387 [WARN] PackLoader:240 - Cannot read IP mode file for STMicroelectronics.X-CUBE-BLE2.3.3.0
2024-03-31 09:21:28,393 [WARN] PackLoader:240 - Cannot read IP mode file for STMicroelectronics.X-CUBE-ALGOBUILD.1.3.0
2024-03-31 09:21:28,410 [WARN] PackLoader:240 - Cannot read IP mode file for STMicroelectronics.X-CUBE-AZRTOS-G0.1.1.0
2024-03-31 09:21:28,417 [WARN] PackLoader:240 - Cannot read IP mode file for STMicroelectronics.X-CUBE-NFC4.3.0.0
2024-03-31 09:21:28,421 [WARN] PackLoader:240 - Cannot read IP mode file for STMicroelectronics.FP-ATR-SIGFOX1.3.2.0
2024-03-31 09:21:28,426 [WARN] PackLoader:240 - Cannot read IP mode file for STMicroelectronics.X-CUBE-EEPRMA1.5.1.0
2024-03-31 09:21:28,455 [WARN] PackLoader:240 - Cannot read IP mode file for SEGGER.I-CUBE-embOS.1.3.1
2024-03-31 09:21:28,506 [WARN] PackLoader:240 - Cannot read IP mode file for STMicroelectronics.X-CUBE-GNSS1.6.0.0
2024-03-31 09:21:28,529 [WARN] PackLoader:240 - Cannot read IP mode file for STMicroelectronics.X-CUBE-AZRTOS-F4.1.1.0
2024-03-31 09:21:28,544 [WARN] PackLoader:240 - Cannot read IP mode file for wolfSSL.I-CUBE-wolfSSL.5.6.6
2024-03-31 09:21:28,562 [WARN] PackLoader:240 - Cannot read IP mode file for STMicroelectronics.X-CUBE-AZRTOS-L5.2.0.0
2024-03-31 09:21:28,581 [WARN] PackLoader:240 - Cannot read IP mode file for STMicroelectronics.X-CUBE-NFC6.3.1.0
2024-03-31 09:21:28,589 [WARN] PackLoader:240 - Cannot read IP mode file for ITTIA_DB.I-CUBE-ITTIADB.8.8.0
2024-03-31 09:21:28,595 [WARN] PackLoader:240 - Cannot read IP mode file for STMicroelectronics.X-CUBE-NFC7.1.0.1
2024-03-31 09:21:28,603 [WARN] PackLoader:240 - Cannot read IP mode file for STMicroelectronics.X-CUBE-AI.8.1.0
2024-03-31 09:21:28,625 [WARN] ConditionMgr:438 - getConditionDescription Invalid condition id : LAN8742 Phy interface Condition cause : null
2024-03-31 09:21:28,626 [WARN] PackLoader:240 - Cannot read IP mode file for STMicroelectronics.X-CUBE-AZRTOS-L4.2.0.0
2024-03-31 09:21:28,628 [WARN] ConditionMgr:1039 - genDependencies : Invalid condition id : LAN8742 Phy interface Condition cause : null
2024-03-31 09:21:28,628 [WARN] ConditionMgr:1039 - genDependencies : Invalid condition id : LAN8742 Phy interface Condition cause : null
2024-03-31 09:21:28,629 [WARN] ConditionMgr:1039 - genDependencies : Invalid condition id : LAN8742 Phy interface Condition cause : null
2024-03-31 09:21:28,639 [WARN] PackLoader:240 - Cannot read IP mode file for STMicroelectronics.X-CUBE-SFXS2LP1.4.0.0
2024-03-31 09:21:28,655 [WARN] ConditionMgr:438 - getConditionDescription Invalid condition id : UX DEVICE CLASS RTOS Condition cause : null
2024-03-31 09:21:28,655 [WARN] ConditionMgr:438 - getConditionDescription Invalid condition id : UX DEVICE CLASS RTOS Condition cause : null
2024-03-31 09:21:28,658 [WARN] PackLoader:240 - Cannot read IP mode file for STMicroelectronics.X-CUBE-AZRTOS-WB.2.0.0
2024-03-31 09:21:28,660 [WARN] ConditionMgr:1039 - genDependencies : Invalid condition id : UX DEVICE CLASS RTOS Condition cause : null
2024-03-31 09:21:28,660 [WARN] ConditionMgr:1039 - genDependencies : Invalid condition id : UX DEVICE CLASS RTOS Condition cause : null
2024-03-31 09:21:28,661 [WARN] ConditionMgr:1039 - genDependencies : Invalid condition id : UX DEVICE CLASS RTOS Condition cause : null
2024-03-31 09:21:28,661 [WARN] ConditionMgr:1039 - genDependencies : Invalid condition id : UX DEVICE CLASS RTOS Condition cause : null
2024-03-31 09:21:28,661 [WARN] ConditionMgr:1039 - genDependencies : Invalid condition id : UX DEVICE CLASS RTOS Condition cause : null
2024-03-31 09:21:28,672 [WARN] PackLoader:240 - Cannot read IP mode file for STMicroelectronics.X-CUBE-SUBG2.5.0.0
2024-03-31 09:21:28,691 [WARN] PackLoader:240 - Cannot read IP mode file for STMicroelectronics.X-CUBE-AZRTOS-G4.2.0.0
2024-03-31 09:21:28,708 [WARN] PackLoader:240 - Cannot read IP mode file for Infineon.AIROC-Wi-Fi-Bluetooth-STM32.1.5.1
2024-03-31 09:21:28,716 [WARN] PackLoader:240 - Cannot read IP mode file for STMicroelectronics.FP-SNS-MOTENVWB1.1.3.1
2024-03-31 09:21:28,720 [WARN] PackLoader:240 - Cannot read IP mode file for STMicroelectronics.X-CUBE-ISPU.2.0.0
2024-03-31 09:21:28,759 [WARN] PackLoader:240 - Cannot read IP mode file for STMicroelectronics.X-CUBE-MEMS1.10.0.0
2024-03-31 09:21:28,856 [WARN] PackLoader:240 - Cannot read IP mode file for STMicroelectronics.X-CUBE-FREERTOS.1.1.0
2024-03-31 09:21:28,859 [WARN] PackLoader:240 - Cannot read IP mode file for portGmbH.I-Cube-SoM-uGOAL.1.1.0
2024-03-31 09:21:28,862 [WARN] PackLoader:240 - Cannot read IP mode file for STMicroelectronics.X-CUBE-ALS.1.0.1
2024-03-31 09:21:28,864 [WARN] PackLoader:240 - Cannot read IP mode file for STMicroelectronics.FP-ATR-ASTRA1.2.0.0
2024-03-31 09:21:28,870 [WARN] PackLoader:240 - Cannot read IP mode file for STMicroelectronics.X-CUBE-TOF1.3.4.1
2024-03-31 09:21:28,888 [WARN] PackLoader:240 - Cannot read IP mode file for STMicroelectronics.X-CUBE-AZRTOS-H7.3.2.0
2024-03-31 09:21:28,891 [INFO] ThirdParty:978 - Integrity check success = true
2024-03-31 09:21:28,891 [INFO] IntegrityCheckThread:100 - exiting critical section [integrity check]
2024-03-31 09:21:28,891 [INFO] IntegrityCheckThread:103 - End integrity checks thread
2024-03-31 09:21:55,078 [ERROR] LogOutputStream:75 - [STDERR_REDIRECT] Mar 31, 2024 9:21:55 AM java.util.prefs.FileSystemPreferences checkLockFile0ErrorCode
2024-03-31 09:21:55,078 [ERROR] LogOutputStream:75 - [STDERR_REDIRECT] WARNING: Could not lock System prefs. Unix error code 0.
2024-03-31 09:21:55,079 [ERROR] LogOutputStream:75 - [STDERR_REDIRECT] 
2024-03-31 09:21:55,079 [ERROR] LogOutputStream:75 - [STDERR_REDIRECT] Mar 31, 2024 9:21:55 AM java.util.prefs.FileSystemPreferences syncWorld
2024-03-31 09:21:55,080 [ERROR] LogOutputStream:75 - [STDERR_REDIRECT] WARNING: Couldn't flush system prefs: java.util.prefs.BackingStoreException: Couldn't get file lock.
2024-03-31 09:21:55,080 [ERROR] LogOutputStream:75 - [STDERR_REDIRECT] 
2024-03-31 09:22:25,068 [ERROR] LogOutputStream:75 - [STDERR_REDIRECT] Mar 31, 2024 9:22:25 AM java.util.prefs.FileSystemPreferences checkLockFile0ErrorCode
2024-03-31 09:22:25,069 [ERROR] LogOutputStream:75 - [STDERR_REDIRECT] WARNING: Could not lock System prefs. Unix error code 0.
2024-03-31 09:22:25,069 [ERROR] LogOutputStream:75 - [STDERR_REDIRECT] 
2024-03-31 09:22:25,069 [ERROR] LogOutputStream:75 - [STDERR_REDIRECT] Mar 31, 2024 9:22:25 AM java.util.prefs.FileSystemPreferences syncWorld
2024-03-31 09:22:25,070 [ERROR] LogOutputStream:75 - [STDERR_REDIRECT] WARNING: Couldn't flush system prefs: java.util.prefs.BackingStoreException: Couldn't get file lock.
2024-03-31 09:22:25,070 [ERROR] LogOutputStream:75 - [STDERR_REDIRECT] 
2024-03-31 09:22:33,039 [ERROR] ConfigurationRetriever:142 - IOException on connection: sw-center.st.com
2024-03-31 09:22:33,039 [ERROR] ConfigurationRetriever:142 - IOException on connection: sw-center.st.com
2024-03-31 09:22:33,040 [ERROR] ConfigurationRetriever:142 - IOException on connection: sw-center.st.com
2024-03-31 09:46:28,615 [INFO] Activator:176 - 


2024-03-31 09:46:28,617 [INFO] Activator:177 - !SESSION log4j initialized
2024-03-31 09:46:30,795 [INFO] LogOutputStream:77 - [STDOUT_REDIRECT] 
2024-03-31 09:46:31,139 [ERROR] ConfigurationRetriever:142 - IOException on connection: sw-center.st.com
2024-03-31 09:46:31,140 [ERROR] ConfigurationRetriever:142 - IOException on connection: sw-center.st.com
2024-03-31 09:46:31,140 [ERROR] ConfigurationRetriever:142 - IOException on connection: sw-center.st.com
2024-03-31 09:46:31,343 [INFO] ApplicationProperties:184 - Using Application install path: /opt/st/stm32cubeide_1.15.0/plugins/com.st.stm32cube.common.mx_6.11.0.202403141607
2024-03-31 09:46:31,362 [INFO] DbMcusXml:78 - Set database path to: /opt/st/stm32cubeide_1.15.0/plugins/com.st.stm32cube.common.mx_6.11.0.202403141607//db//mcu/
2024-03-31 09:46:31,363 [INFO] ApiDb:274 - Set plugin database path to: /opt/st/stm32cubeide_1.15.0/plugins/com.st.stm32cube.common.mx_6.11.0.202403141607//db//plugins/boardmanager/
2024-03-31 09:46:31,363 [WARN] ApiDb:259 - Overriding images path with different value:  => /opt/st/stm32cubeide_1.15.0/plugins/com.st.stm32cube.common.mx_6.11.0.202403141607//db//plugins/mcufinder/images/
2024-03-31 09:46:31,367 [INFO] ApiDb:250 - Set database path to: /home/parag/.stmcufinder/plugins/mcufinder//mcu/
2024-03-31 09:46:31,368 [INFO] DbMcusAds:125 - Set database path to: /home/parag/.stmcufinder/plugins/mcufinder//mcu/
2024-03-31 09:46:31,370 [INFO] CrossReferenceDbSqlite:203 - Set database path to: /home/parag/.stmcufinder/plugins/mcufinder//mcu/cs/
2024-03-31 09:46:31,518 [INFO] RulesReader:64 - Compatibility file has been processed (297 Rules)
2024-03-31 09:46:31,579 [INFO] DbMcusXml:78 - Set database path to: /opt/st/stm32cubeide_1.15.0/plugins/com.st.stm32cube.common.mx_6.11.0.202403141607//db//mcu/
2024-03-31 09:46:31,579 [INFO] ApiDb:274 - Set plugin database path to: /opt/st/stm32cubeide_1.15.0/plugins/com.st.stm32cube.common.mx_6.11.0.202403141607//db//plugins/boardmanager/
2024-03-31 09:46:31,579 [INFO] ApiDb:261 - Set plugin images path to: /opt/st/stm32cubeide_1.15.0/plugins/com.st.stm32cube.common.mx_6.11.0.202403141607//db//plugins/mcufinder/images/
2024-03-31 09:46:31,579 [WARN] DbFile:41 - Overriding database path with different value: /home/parag/.stmcufinder/plugins/mcufinder/ => /home/parag/.stmcufinder/plugins/mcufinder
2024-03-31 09:46:31,580 [INFO] ApiDb:250 - Set database path to: /home/parag/.stmcufinder/plugins/mcufinder//mcu/
2024-03-31 09:46:31,580 [WARN] DbFile:41 - Overriding database path with different value: /home/parag/.stmcufinder/plugins/mcufinder/ => /home/parag/.stmcufinder/plugins/mcufinder
2024-03-31 09:46:31,580 [INFO] DbMcusAds:125 - Set database path to: /home/parag/.stmcufinder/plugins/mcufinder//mcu/
2024-03-31 09:46:31,580 [WARN] DbFile:41 - Overriding database path with different value: /home/parag/.stmcufinder/plugins/mcufinder/ => /home/parag/.stmcufinder/plugins/mcufinder
2024-03-31 09:46:31,580 [WARN] DbFile:41 - Overriding database path with different value: /home/parag/.stmcufinder/plugins/mcufinder/ => /home/parag/.stmcufinder/plugins/mcufinder
2024-03-31 09:46:31,580 [INFO] CrossReferenceDbSqlite:203 - Set database path to: /home/parag/.stmcufinder/plugins/mcufinder//mcu/cs/
2024-03-31 09:46:31,646 [INFO] MainPanel:264 - HeapMemory: 268435456
2024-03-31 09:46:31,737 [INFO] DbMcusXml:78 - Set database path to: /opt/st/stm32cubeide_1.15.0/plugins/com.st.stm32cube.common.mx_6.11.0.202403141607//db//mcu/
2024-03-31 09:46:31,737 [INFO] ApiDb:274 - Set plugin database path to: /opt/st/stm32cubeide_1.15.0/plugins/com.st.stm32cube.common.mx_6.11.0.202403141607//db//plugins/boardmanager/
2024-03-31 09:46:31,738 [INFO] ApiDb:261 - Set plugin images path to: /opt/st/stm32cubeide_1.15.0/plugins/com.st.stm32cube.common.mx_6.11.0.202403141607//db//plugins/mcufinder/images/
2024-03-31 09:46:31,738 [WARN] DbFile:41 - Overriding database path with different value: /home/parag/.stmcufinder/plugins/mcufinder/ => /home/parag/.stmcufinder/plugins/mcufinder
2024-03-31 09:46:31,738 [INFO] ApiDb:250 - Set database path to: /home/parag/.stmcufinder/plugins/mcufinder//mcu/
2024-03-31 09:46:31,738 [WARN] DbFile:41 - Overriding database path with different value: /home/parag/.stmcufinder/plugins/mcufinder/ => /home/parag/.stmcufinder/plugins/mcufinder
2024-03-31 09:46:31,738 [INFO] DbMcusAds:125 - Set database path to: /home/parag/.stmcufinder/plugins/mcufinder//mcu/
2024-03-31 09:46:31,738 [WARN] DbFile:41 - Overriding database path with different value: /home/parag/.stmcufinder/plugins/mcufinder/ => /home/parag/.stmcufinder/plugins/mcufinder
2024-03-31 09:46:31,738 [WARN] DbFile:41 - Overriding database path with different value: /home/parag/.stmcufinder/plugins/mcufinder/ => /home/parag/.stmcufinder/plugins/mcufinder
2024-03-31 09:46:31,738 [INFO] CrossReferenceDbSqlite:203 - Set database path to: /home/parag/.stmcufinder/plugins/mcufinder//mcu/cs/
2024-03-31 09:46:31,754 [INFO] ApplicationProperties:184 - Using Application install path: /opt/st/stm32cubeide_1.15.0/plugins/com.st.stm32cube.common.mx_6.11.0.202403141607
2024-03-31 09:46:31,755 [INFO] PluginManage:196 - Search for loadable plugins [exclusion list=, ]
2024-03-31 09:46:31,757 [INFO] PluginManage:310 - Check plugin analytics
2024-03-31 09:46:31,944 [INFO] AnalyticsPlugin:253 - Accepted Software Licenses: 
2024-03-31 09:46:31,944 [INFO] AnalyticsPlugin:255 - Accepted CMSIS Pack Licenses: 
2024-03-31 09:46:31,944 [INFO] AnalyticsPlugin:257 - Accepted Firmware Licenses: 
2024-03-31 09:46:31,947 [INFO] PluginManage:359 - Loaded plugin analytics (category:tool,tabindex:-1)
2024-03-31 09:46:31,947 [INFO] PluginManage:310 - Check plugin cadmodel
2024-03-31 09:46:31,947 [ERROR] ConfigurationRetriever:142 - IOException on connection: sw-center.st.com
2024-03-31 09:46:31,948 [ERROR] ConfigurationRetriever:142 - IOException on connection: sw-center.st.com
2024-03-31 09:46:31,948 [ERROR] ConfigurationRetriever:142 - IOException on connection: sw-center.st.com
2024-03-31 09:46:31,964 [INFO] CADModel:105 - Init CAD model plugin
2024-03-31 09:46:31,964 [INFO] PluginManage:359 - Loaded plugin cadmodel (category:power,tabindex:5)
2024-03-31 09:46:31,964 [INFO] PluginManage:310 - Check plugin clock
2024-03-31 09:46:31,970 [INFO] PluginManage:359 - Loaded plugin clock (category:base,tabindex:2)
2024-03-31 09:46:31,970 [INFO] PluginManage:310 - Check plugin ddr
2024-03-31 09:46:31,971 [INFO] PluginManage:359 - Loaded plugin ddr (category:tool,tabindex:6)
2024-03-31 09:46:31,972 [INFO] PluginManage:310 - Check plugin filemanager
2024-03-31 09:46:32,076 [INFO] PluginManage:359 - Loaded plugin filemanager (category:base,tabindex:10)
2024-03-31 09:46:32,076 [INFO] PluginManage:310 - Check plugin ipmanager
2024-03-31 09:46:32,080 [INFO] PluginManage:359 - Loaded plugin ipmanager (category:base,tabindex:5)
2024-03-31 09:46:32,081 [INFO] PluginManage:310 - Check plugin lpbam
2024-03-31 09:46:32,088 [INFO] PluginManage:359 - Loaded plugin lpbam (category:base,tabindex:0)
2024-03-31 09:46:32,088 [INFO] PluginManage:310 - Check plugin memorymap
2024-03-31 09:46:32,096 [INFO] PluginManage:359 - Loaded plugin memorymap (category:base,tabindex:4)
2024-03-31 09:46:32,096 [INFO] PluginManage:310 - Check plugin pinoutandconfiguration
2024-03-31 09:46:32,100 [INFO] PluginManage:359 - Loaded plugin pinoutandconfiguration (category:base,tabindex:1)
2024-03-31 09:46:32,101 [INFO] PluginManage:310 - Check plugin pinoutconfig
2024-03-31 09:46:32,159 [WARN] SupportedApi:132 - Cannot load RTOS API schema: s4s-elt-must-match.1: The content of 'definitions' must match (annotation?, (simpleType | complexType)?, (unique | key | keyref)*)). A problem was found starting at: attribute.
2024-03-31 09:46:32,259 [INFO] PluginManage:359 - Loaded plugin pinoutconfig (category:base,tabindex:0)
2024-03-31 09:46:32,259 [INFO] PluginManage:310 - Check plugin power
2024-03-31 09:46:32,267 [INFO] PluginManage:359 - Loaded plugin power (category:power,tabindex:4)
2024-03-31 09:46:32,268 [INFO] PluginManage:310 - Check plugin projectmanager
2024-03-31 09:46:32,281 [INFO] PluginManage:359 - Loaded plugin projectmanager (category:projectmanager,tabindex:3)
2024-03-31 09:46:32,281 [INFO] PluginManage:310 - Check plugin thirdparty
2024-03-31 09:46:32,380 [INFO] PluginManage:359 - Loaded plugin thirdparty (category:base,tabindex:-1)
2024-03-31 09:46:32,380 [WARN] IntegrityCheckThread:84 - waiting for thirdparty lock release [integrity check]
2024-03-31 09:46:32,381 [INFO] PluginManage:310 - Check plugin tools
2024-03-31 09:46:32,381 [INFO] IntegrityCheckThread:86 - entering critical section [integrity check]
2024-03-31 09:46:32,381 [INFO] ThirdPartyUpdaterWithRetryManager:70 - Updater plugin not ready yet. [1/15]
2024-03-31 09:46:32,382 [INFO] PluginManage:359 - Loaded plugin tools (category:base,tabindex:7)
2024-03-31 09:46:32,383 [INFO] PluginManage:310 - Check plugin tutovideos
2024-03-31 09:46:32,530 [INFO] PluginManage:359 - Loaded plugin tutovideos (category:base,tabindex:-1)
2024-03-31 09:46:32,530 [INFO] PluginManage:310 - Check plugin updater
2024-03-31 09:46:32,539 [INFO] PluginManage:359 - Loaded plugin updater (category:base,tabindex:12)
2024-03-31 09:46:32,539 [INFO] PluginManage:310 - Check plugin userauth
2024-03-31 09:46:32,544 [INFO] UserAuth:114 - Init User Auth plugin
2024-03-31 09:46:32,544 [INFO] PluginManage:359 - Loaded plugin userauth (category:base,tabindex:14)
2024-03-31 09:46:32,544 [INFO] PluginManage:283 - PluginManage : Loaded plugins [17]
2024-03-31 09:46:32,706 [INFO] PinOutPanel:1561 - setPackage(No Configuration,No Configuration)
2024-03-31 09:46:32,749 [INFO] CADModel:165 - CPN selected for project level
2024-03-31 09:46:32,749 [INFO] CADModel:114 - Register for checkConnection events
2024-03-31 09:46:32,757 [INFO] IPUIPlugin:80 - create IPUIPlugin
2024-03-31 09:46:32,757 [INFO] PluginManager:220 - loadIPPluginJar : add tim
2024-03-31 09:46:32,761 [INFO] IPUIPlugin:80 - create IPUIPlugin
2024-03-31 09:46:32,762 [INFO] PluginManager:220 - loadIPPluginJar : add hash
2024-03-31 09:46:32,767 [INFO] IPUIPlugin:80 - create IPUIPlugin
2024-03-31 09:46:32,768 [INFO] PluginManager:220 - loadIPPluginJar : add adc
2024-03-31 09:46:32,768 [INFO] IPUIPlugin:80 - create IPUIPlugin
2024-03-31 09:46:32,769 [INFO] PluginManager:220 - loadIPPluginJar : add ltdc
2024-03-31 09:46:32,774 [INFO] IPUIPlugin:80 - create IPUIPlugin
2024-03-31 09:46:32,775 [INFO] PluginManager:220 - loadIPPluginJar : add dma
2024-03-31 09:46:32,777 [INFO] IPUIPlugin:80 - create IPUIPlugin
2024-03-31 09:46:32,778 [INFO] PluginManager:220 - loadIPPluginJar : add touchsensing
2024-03-31 09:46:32,779 [INFO] IPUIPlugin:80 - create IPUIPlugin
2024-03-31 09:46:32,779 [INFO] PluginManager:220 - loadIPPluginJar : add quadspi
2024-03-31 09:46:32,780 [INFO] IPUIPlugin:80 - create IPUIPlugin
2024-03-31 09:46:32,780 [INFO] PluginManager:220 - loadIPPluginJar : add ts
2024-03-31 09:46:32,784 [INFO] IPUIPlugin:80 - create IPUIPlugin
2024-03-31 09:46:32,784 [INFO] PluginManager:220 - loadIPPluginJar : add gic
2024-03-31 09:46:32,787 [INFO] IPUIPlugin:80 - create IPUIPlugin
2024-03-31 09:46:32,787 [INFO] PluginManager:220 - loadIPPluginJar : add gpio
2024-03-31 09:46:32,788 [INFO] IPUIPlugin:80 - create IPUIPlugin
2024-03-31 09:46:32,788 [INFO] PluginManager:220 - loadIPPluginJar : add tsc
2024-03-31 09:46:32,793 [INFO] IPUIPlugin:80 - create IPUIPlugin
2024-03-31 09:46:32,793 [INFO] PluginManager:220 - loadIPPluginJar : add freertos
2024-03-31 09:46:32,795 [INFO] IPUIPlugin:80 - create IPUIPlugin
2024-03-31 09:46:32,795 [INFO] PluginManager:220 - loadIPPluginJar : add i3c
2024-03-31 09:46:32,797 [INFO] IPUIPlugin:80 - create IPUIPlugin
2024-03-31 09:46:32,798 [INFO] PluginManager:220 - loadIPPluginJar : add i2c
2024-03-31 09:46:32,800 [INFO] IPUIPlugin:80 - create IPUIPlugin
2024-03-31 09:46:32,800 [INFO] PluginManager:220 - loadIPPluginJar : add nvic
2024-03-31 09:46:32,803 [INFO] IPUIPlugin:80 - create IPUIPlugin
2024-03-31 09:46:32,804 [INFO] PluginManager:220 - loadIPPluginJar : add stm32_wpan
2024-03-31 09:46:32,805 [INFO] IPUIPlugin:80 - create IPUIPlugin
2024-03-31 09:46:32,805 [INFO] PluginManager:220 - loadIPPluginJar : add gfxmmu
2024-03-31 09:46:32,806 [INFO] IPUIPlugin:80 - create IPUIPlugin
2024-03-31 09:46:32,807 [INFO] PluginManager:220 - loadIPPluginJar : add can
2024-03-31 09:46:32,808 [INFO] IPUIPlugin:80 - create IPUIPlugin
2024-03-31 09:46:32,808 [INFO] PluginManager:220 - loadIPPluginJar : add ucpd
2024-03-31 09:46:32,810 [INFO] IPUIPlugin:80 - create IPUIPlugin
2024-03-31 09:46:32,810 [INFO] PluginManager:220 - loadIPPluginJar : add pdm2pcm
2024-03-31 09:46:32,812 [INFO] IPUIPlugin:80 - create IPUIPlugin
2024-03-31 09:46:32,812 [INFO] PluginManager:220 - loadIPPluginJar : add i2s
2024-03-31 09:46:32,813 [INFO] IPUIPlugin:80 - create IPUIPlugin
2024-03-31 09:46:32,813 [INFO] PluginManager:220 - loadIPPluginJar : add spi
2024-03-31 09:46:32,814 [INFO] IPUIPlugin:80 - create IPUIPlugin
2024-03-31 09:46:32,814 [INFO] PluginManager:220 - loadIPPluginJar : add comp
2024-03-31 09:46:32,816 [INFO] IPUIPlugin:80 - create IPUIPlugin
2024-03-31 09:46:32,817 [INFO] PluginManager:220 - loadIPPluginJar : add openamp
2024-03-31 09:46:32,822 [INFO] IPUIPlugin:80 - create IPUIPlugin
2024-03-31 09:46:32,822 [INFO] PluginManager:220 - loadIPPluginJar : add linkedlist
2024-03-31 09:46:32,835 [INFO] IPUIPlugin:80 - create IPUIPlugin
2024-03-31 09:46:32,835 [INFO] PluginManager:220 - loadIPPluginJar : add genericplugin
2024-03-31 09:46:32,837 [INFO] IPUIPlugin:80 - create IPUIPlugin
2024-03-31 09:46:32,837 [INFO] PluginManager:220 - loadIPPluginJar : add tracer_emb
2024-03-31 09:46:32,839 [INFO] IPUIPlugin:80 - create IPUIPlugin
2024-03-31 09:46:32,839 [INFO] PluginManager:220 - loadIPPluginJar : add lorawan
2024-03-31 09:46:32,841 [INFO] IPUIPlugin:80 - create IPUIPlugin
2024-03-31 09:46:32,841 [INFO] PluginManager:220 - loadIPPluginJar : add cryp
2024-03-31 09:46:32,843 [INFO] IPUIPlugin:80 - create IPUIPlugin
2024-03-31 09:46:32,843 [INFO] PluginManager:220 - loadIPPluginJar : add dma3
2024-03-31 09:46:32,844 [INFO] IPUIPlugin:80 - create IPUIPlugin
2024-03-31 09:46:32,844 [INFO] PluginManager:220 - loadIPPluginJar : add fatfs
2024-03-31 09:46:32,846 [INFO] IPUIPlugin:80 - create IPUIPlugin
2024-03-31 09:46:32,847 [INFO] PluginManager:220 - loadIPPluginJar : add usbx
2024-03-31 09:46:32,848 [INFO] IPUIPlugin:80 - create IPUIPlugin
2024-03-31 09:46:32,848 [INFO] PluginManager:220 - loadIPPluginJar : add extmemmanager
2024-03-31 09:46:32,858 [INFO] IPUIPlugin:80 - create IPUIPlugin
2024-03-31 09:46:32,858 [INFO] PluginManager:220 - loadIPPluginJar : add opamp
2024-03-31 09:46:32,864 [INFO] IPUIPlugin:80 - create IPUIPlugin
2024-03-31 09:46:32,866 [INFO] PluginManager:220 - loadIPPluginJar : add plateformsettings
2024-03-31 09:46:32,868 [INFO] IPUIPlugin:80 - create IPUIPlugin
2024-03-31 09:46:32,868 [INFO] PluginManager:220 - loadIPPluginJar : add dfsdm
2024-03-31 09:46:32,870 [INFO] IPUIPlugin:80 - create IPUIPlugin
2024-03-31 09:46:32,870 [INFO] PluginManager:220 - loadIPPluginJar : add sai
2024-03-31 09:46:32,872 [INFO] IPUIPlugin:80 - create IPUIPlugin
2024-03-31 09:46:32,872 [INFO] PluginManager:220 - loadIPPluginJar : add resmgrutility
2024-03-31 09:46:32,874 [INFO] IPUIPlugin:80 - create IPUIPlugin
2024-03-31 09:46:32,875 [INFO] PluginManager:220 - loadIPPluginJar : add aes
2024-03-31 09:46:32,877 [INFO] IPUIPlugin:80 - create IPUIPlugin
2024-03-31 09:46:32,877 [INFO] PluginManager:220 - loadIPPluginJar : add usart
2024-03-31 09:46:32,879 [INFO] IPUIPlugin:80 - create IPUIPlugin
2024-03-31 09:46:32,879 [INFO] PluginManager:220 - loadIPPluginJar : add ipddr
2024-03-31 09:46:32,881 [INFO] IPUIPlugin:80 - create IPUIPlugin
2024-03-31 09:46:32,882 [INFO] PluginManager:220 - loadIPPluginJar : add gtzc
2024-03-31 09:46:32,885 [INFO] IPUIPlugin:80 - create IPUIPlugin
2024-03-31 09:46:32,885 [INFO] PluginManager:220 - loadIPPluginJar : add fmc
2024-03-31 09:46:32,889 [INFO] IPUIPlugin:80 - create IPUIPlugin
2024-03-31 09:46:32,890 [INFO] PluginManager:220 - loadIPPluginJar : add mdma
2024-03-31 09:46:32,982 [INFO] CADModel:165 - CPN selected for project level
2024-03-31 09:46:32,982 [INFO] CADModel:114 - Register for checkConnection events
2024-03-31 09:46:32,983 [FATAL] Updater:308 - Updater called before beeing initialized
2024-03-31 09:46:32,983 [ERROR] CADModel:125 - Updater not yet initialized, retry later 
2024-03-31 09:46:33,100 [INFO] CADModel:165 - CPN selected for project level
2024-03-31 09:46:33,100 [INFO] CADModel:114 - Register for checkConnection events
2024-03-31 09:46:33,100 [FATAL] Updater:308 - Updater called before beeing initialized
2024-03-31 09:46:33,100 [ERROR] CADModel:125 - Updater not yet initialized, retry later 
2024-03-31 09:46:33,103 [FATAL] Updater:308 - Updater called before beeing initialized
2024-03-31 09:46:33,163 [FATAL] Updater:308 - Updater called before beeing initialized
2024-03-31 09:46:33,167 [INFO] DbMcusAds:53 - JSON generation date=Wed Nov 29 16:22:27 IST 2023 (1701255147349)
2024-03-31 09:46:33,167 [FATAL] Updater:308 - Updater called before beeing initialized
2024-03-31 09:46:33,192 [WARN] DetailPanel:346 - Failed to get advertising image, set to default
2024-03-31 09:46:33,259 [FATAL] Updater:308 - Updater called before beeing initialized
2024-03-31 09:46:33,260 [FATAL] Updater:308 - Updater called before beeing initialized
2024-03-31 09:46:33,260 [FATAL] Updater:308 - Updater called before beeing initialized
2024-03-31 09:46:33,260 [WARN] DetailPanel:346 - Failed to get advertising image, set to default
2024-03-31 09:46:33,261 [FATAL] Updater:308 - Updater called before beeing initialized
2024-03-31 09:46:33,283 [ERROR] Updater:1120 - MainUpdater not yet initialized. External WinMGr cannot be set.
2024-03-31 09:46:33,284 [INFO] Updater:1056 - Updater Version found : 6.11.0
2024-03-31 09:46:33,299 [INFO] ApplicationProperties:184 - Using Application install path: /opt/st/stm32cubeide_1.15.0/plugins/com.st.stm32cube.common.mx_6.11.0.202403141607
2024-03-31 09:46:33,310 [ERROR] LogOutputStream:75 - [STDERR_REDIRECT] Mar 31, 2024 9:46:33 AM java.util.prefs.FileSystemPreferences$2 run
2024-03-31 09:46:33,311 [ERROR] LogOutputStream:75 - [STDERR_REDIRECT] WARNING: Could not create system preferences directory. System preferences are unusable.
2024-03-31 09:46:33,311 [ERROR] LogOutputStream:75 - [STDERR_REDIRECT] 
2024-03-31 09:46:33,418 [INFO] MainUpdater:2873 - connection check result : 22
2024-03-31 09:46:33,418 [INFO] MainUpdater:290 - Updater Check For Update Now.
2024-03-31 09:46:33,419 [INFO] MicroXplorer:498 - Change Database Version : DB.6.0.110
2024-03-31 09:46:33,422 [INFO] McuFinderGlobals:63 - Set McuFinder mode to 2 (CubeIDE integrated)
2024-03-31 09:46:33,422 [INFO] UserAuth:179 - activating auth plugin
2024-03-31 09:46:33,425 [INFO] UserAuth:415 - Internet connection configuration mode: 2
2024-03-31 09:46:33,430 [INFO] UserAuth:415 - Internet connection configuration mode: 2
2024-03-31 09:46:33,580 [INFO] CheckServerUpdateThread:120 - End of CheckServer Thread
2024-03-31 09:46:34,496 [ERROR] ConfigurationRetriever:142 - IOException on connection: sw-center.st.com
2024-03-31 09:46:34,497 [ERROR] ConfigurationRetriever:142 - IOException on connection: sw-center.st.com
2024-03-31 09:46:34,497 [ERROR] ConfigurationRetriever:142 - IOException on connection: sw-center.st.com
2024-03-31 09:46:34,990 [ERROR] LogOutputStream:75 - [STDERR_REDIRECT] 
