19:23:32 **** Incremental Build of configuration Debug for project DAY03_2 ****
make -j8 all 
arm-none-eabi-gcc -o "DAY03_2.elf" @"objects.list"   -mcpu=cortex-m4 -T"/home/parag/mcpi_assignments/DAY03_2/STM32F407VGTX_FLASH.ld" --specs=nosys.specs -Wl,-Map="DAY03_2.map" -Wl,--gc-sections -static --specs=nano.specs -mfpu=fpv4-sp-d16 -mfloat-abi=hard -mthumb -Wl,--start-group -lc -lm -Wl,--end-group
/opt/st/stm32cubeide_1.15.0/plugins/com.st.stm32cube.ide.mcu.externaltools.gnu-tools-for-stm32.12.3.rel1.linux64_1.0.100.202403111256/tools/bin/../lib/gcc/arm-none-eabi/12.3.1/../../../../arm-none-eabi/bin/ld: ./Src/itm.o: in function `__io_putchar':
/home/parag/mcpi_assignments/DAY03_2/Debug/../Src/itm.c:18: multiple definition of `__io_putchar'; ./Src/Src/itm.o:/home/parag/mcpi_assignments/DAY03_2/Debug/../Src/Src/itm.c:18: first defined here
/opt/st/stm32cubeide_1.15.0/plugins/com.st.stm32cube.ide.mcu.externaltools.gnu-tools-for-stm32.12.3.rel1.linux64_1.0.100.202403111256/tools/bin/../lib/gcc/arm-none-eabi/12.3.1/../../../../arm-none-eabi/bin/ld: ./Src/main.o: in function `main':
/home/parag/mcpi_assignments/DAY03_2/Debug/../Src/main.c:29: multiple definition of `main'; ./Src/Src/main.o:/home/parag/mcpi_assignments/DAY03_2/Debug/../Src/Src/main.c:44: first defined here
/opt/st/stm32cubeide_1.15.0/plugins/com.st.stm32cube.ide.mcu.externaltools.gnu-tools-for-stm32.12.3.rel1.linux64_1.0.100.202403111256/tools/bin/../lib/gcc/arm-none-eabi/12.3.1/../../../../arm-none-eabi/bin/ld: ./Src/syscalls.o:/home/parag/mcpi_assignments/DAY03_2/Debug/../Src/syscalls.c:39: multiple definition of `__env'; ./Src/Src/syscalls.o:/home/parag/mcpi_assignments/DAY03_2/Debug/../Src/Src/syscalls.c:39: first defined here
/opt/st/stm32cubeide_1.15.0/plugins/com.st.stm32cube.ide.mcu.externaltools.gnu-tools-for-stm32.12.3.rel1.linux64_1.0.100.202403111256/tools/bin/../lib/gcc/arm-none-eabi/12.3.1/../../../../arm-none-eabi/bin/ld: ./Src/syscalls.o:/home/parag/mcpi_assignments/DAY03_2/Debug/../Src/syscalls.c:40: multiple definition of `environ'; ./Src/Src/syscalls.o:/home/parag/mcpi_assignments/DAY03_2/Debug/../Src/Src/syscalls.c:40: first defined here
/opt/st/stm32cubeide_1.15.0/plugins/com.st.stm32cube.ide.mcu.externaltools.gnu-tools-for-stm32.12.3.rel1.linux64_1.0.100.202403111256/tools/bin/../lib/gcc/arm-none-eabi/12.3.1/../../../../arm-none-eabi/bin/ld: ./Src/syscalls.o: in function `initialise_monitor_handles':
/home/parag/mcpi_assignments/DAY03_2/Debug/../Src/syscalls.c:45: multiple definition of `initialise_monitor_handles'; ./Src/Src/syscalls.o:/home/parag/mcpi_assignments/DAY03_2/Debug/../Src/Src/syscalls.c:45: first defined here
/opt/st/stm32cubeide_1.15.0/plugins/com.st.stm32cube.ide.mcu.externaltools.gnu-tools-for-stm32.12.3.rel1.linux64_1.0.100.202403111256/tools/bin/../lib/gcc/arm-none-eabi/12.3.1/../../../../arm-none-eabi/bin/ld: ./Src/syscalls.o: in function `_getpid':
/home/parag/mcpi_assignments/DAY03_2/Debug/../Src/syscalls.c:49: multiple definition of `_getpid'; ./Src/Src/syscalls.o:/home/parag/mcpi_assignments/DAY03_2/Debug/../Src/Src/syscalls.c:49: first defined here
/opt/st/stm32cubeide_1.15.0/plugins/com.st.stm32cube.ide.mcu.externaltools.gnu-tools-for-stm32.12.3.rel1.linux64_1.0.100.202403111256/tools/bin/../lib/gcc/arm-none-eabi/12.3.1/../../../../arm-none-eabi/bin/ld: ./Src/syscalls.o: in function `_kill':
/home/parag/mcpi_assignments/DAY03_2/Debug/../Src/syscalls.c:54: multiple definition of `_kill'; ./Src/Src/syscalls.o:/home/parag/mcpi_assignments/DAY03_2/Debug/../Src/Src/syscalls.c:54: first defined here
/opt/st/stm32cubeide_1.15.0/plugins/com.st.stm32cube.ide.mcu.externaltools.gnu-tools-for-stm32.12.3.rel1.linux64_1.0.100.202403111256/tools/bin/../lib/gcc/arm-none-eabi/12.3.1/../../../../arm-none-eabi/bin/ld: ./Src/syscalls.o: in function `_exit':
/home/parag/mcpi_assignments/DAY03_2/Debug/../Src/syscalls.c:60: multiple definition of `_exit'; ./Src/Src/syscalls.o:/home/parag/mcpi_assignments/DAY03_2/Debug/../Src/Src/syscalls.c:60: first defined here
/opt/st/stm32cubeide_1.15.0/plugins/com.st.stm32cube.ide.mcu.externaltools.gnu-tools-for-stm32.12.3.rel1.linux64_1.0.100.202403111256/tools/bin/../lib/gcc/arm-none-eabi/12.3.1/../../../../arm-none-eabi/bin/ld: ./Src/syscalls.o: in function `_close':
/home/parag/mcpi_assignments/DAY03_2/Debug/../Src/syscalls.c:89: multiple definition of `_close'; ./Src/Src/syscalls.o:/home/parag/mcpi_assignments/DAY03_2/Debug/../Src/Src/syscalls.c:89: first defined here
/opt/st/stm32cubeide_1.15.0/plugins/com.st.stm32cube.ide.mcu.externaltools.gnu-tools-for-stm32.12.3.rel1.linux64_1.0.100.202403111256/tools/bin/../lib/gcc/arm-none-eabi/12.3.1/../../../../arm-none-eabi/bin/ld: ./Src/syscalls.o: in function `_fstat':
/home/parag/mcpi_assignments/DAY03_2/Debug/../Src/syscalls.c:95: multiple definition of `_fstat'; ./Src/Src/syscalls.o:/home/parag/mcpi_assignments/DAY03_2/Debug/../Src/Src/syscalls.c:95: first defined here
/opt/st/stm32cubeide_1.15.0/plugins/com.st.stm32cube.ide.mcu.externaltools.gnu-tools-for-stm32.12.3.rel1.linux64_1.0.100.202403111256/tools/bin/../lib/gcc/arm-none-eabi/12.3.1/../../../../arm-none-eabi/bin/ld: ./Src/syscalls.o: in function `_isatty':
/home/parag/mcpi_assignments/DAY03_2/Debug/../Src/syscalls.c:101: multiple definition of `_isatty'; ./Src/Src/syscalls.o:/home/parag/mcpi_assignments/DAY03_2/Debug/../Src/Src/syscalls.c:101: first defined here
/opt/st/stm32cubeide_1.15.0/plugins/com.st.stm32cube.ide.mcu.externaltools.gnu-tools-for-stm32.12.3.rel1.linux64_1.0.100.202403111256/tools/bin/../lib/gcc/arm-none-eabi/12.3.1/../../../../arm-none-eabi/bin/ld: ./Src/syscalls.o: in function `_lseek':
/home/parag/mcpi_assignments/DAY03_2/Debug/../Src/syscalls.c:106: multiple definition of `_lseek'; ./Src/Src/syscalls.o:/home/parag/mcpi_assignments/DAY03_2/Debug/../Src/Src/syscalls.c:106: first defined here
/opt/st/stm32cubeide_1.15.0/plugins/com.st.stm32cube.ide.mcu.externaltools.gnu-tools-for-stm32.12.3.rel1.linux64_1.0.100.202403111256/tools/bin/../lib/gcc/arm-none-eabi/12.3.1/../../../../arm-none-eabi/bin/ld: ./Src/syscalls.o: in function `_open':
/home/parag/mcpi_assignments/DAY03_2/Debug/../Src/syscalls.c:111: multiple definition of `_open'; ./Src/Src/syscalls.o:/home/parag/mcpi_assignments/DAY03_2/Debug/../Src/Src/syscalls.c:111: first defined here
/opt/st/stm32cubeide_1.15.0/plugins/com.st.stm32cube.ide.mcu.externaltools.gnu-tools-for-stm32.12.3.rel1.linux64_1.0.100.202403111256/tools/bin/../lib/gcc/arm-none-eabi/12.3.1/../../../../arm-none-eabi/bin/ld: ./Src/syscalls.o: in function `_wait':
/home/parag/mcpi_assignments/DAY03_2/Debug/../Src/syscalls.c:117: multiple definition of `_wait'; ./Src/Src/syscalls.o:/home/parag/mcpi_assignments/DAY03_2/Debug/../Src/Src/syscalls.c:117: first defined here
/opt/st/stm32cubeide_1.15.0/plugins/com.st.stm32cube.ide.mcu.externaltools.gnu-tools-for-stm32.12.3.rel1.linux64_1.0.100.202403111256/tools/bin/../lib/gcc/arm-none-eabi/12.3.1/../../../../arm-none-eabi/bin/ld: ./Src/syscalls.o: in function `_unlink':
/home/parag/mcpi_assignments/DAY03_2/Debug/../Src/syscalls.c:123: multiple definition of `_unlink'; ./Src/Src/syscalls.o:/home/parag/mcpi_assignments/DAY03_2/Debug/../Src/Src/syscalls.c:123: first defined here
/opt/st/stm32cubeide_1.15.0/plugins/com.st.stm32cube.ide.mcu.externaltools.gnu-tools-for-stm32.12.3.rel1.linux64_1.0.100.202403111256/tools/bin/../lib/gcc/arm-none-eabi/12.3.1/../../../../arm-none-eabi/bin/ld: ./Src/syscalls.o: in function `_times':
/home/parag/mcpi_assignments/DAY03_2/Debug/../Src/syscalls.c:129: multiple definition of `_times'; ./Src/Src/syscalls.o:/home/parag/mcpi_assignments/DAY03_2/Debug/../Src/Src/syscalls.c:129: first defined here
/opt/st/stm32cubeide_1.15.0/plugins/com.st.stm32cube.ide.mcu.externaltools.gnu-tools-for-stm32.12.3.rel1.linux64_1.0.100.202403111256/tools/bin/../lib/gcc/arm-none-eabi/12.3.1/../../../../arm-none-eabi/bin/ld: ./Src/syscalls.o: in function `_stat':
/home/parag/mcpi_assignments/DAY03_2/Debug/../Src/syscalls.c:134: multiple definition of `_stat'; ./Src/Src/syscalls.o:/home/parag/mcpi_assignments/DAY03_2/Debug/../Src/Src/syscalls.c:134: first defined here
/opt/st/stm32cubeide_1.15.0/plugins/com.st.stm32cube.ide.mcu.externaltools.gnu-tools-for-stm32.12.3.rel1.linux64_1.0.100.202403111256/tools/bin/../lib/gcc/arm-none-eabi/12.3.1/../../../../arm-none-eabi/bin/ld: ./Src/syscalls.o: in function `_link':
/home/parag/mcpi_assignments/DAY03_2/Debug/../Src/syscalls.c:140: multiple definition of `_link'; ./Src/Src/syscalls.o:/home/parag/mcpi_assignments/DAY03_2/Debug/../Src/Src/syscalls.c:140: first defined here
/opt/st/stm32cubeide_1.15.0/plugins/com.st.stm32cube.ide.mcu.externaltools.gnu-tools-for-stm32.12.3.rel1.linux64_1.0.100.202403111256/tools/bin/../lib/gcc/arm-none-eabi/12.3.1/../../../../arm-none-eabi/bin/ld: ./Src/syscalls.o: in function `_fork':
/home/parag/mcpi_assignments/DAY03_2/Debug/../Src/syscalls.c:146: multiple definition of `_fork'; ./Src/Src/syscalls.o:/home/parag/mcpi_assignments/DAY03_2/Debug/../Src/Src/syscalls.c:146: first defined here
/opt/st/stm32cubeide_1.15.0/plugins/com.st.stm32cube.ide.mcu.externaltools.gnu-tools-for-stm32.12.3.rel1.linux64_1.0.100.202403111256/tools/bin/../lib/gcc/arm-none-eabi/12.3.1/../../../../arm-none-eabi/bin/ld: ./Src/syscalls.o: in function `_execve':
/home/parag/mcpi_assignments/DAY03_2/Debug/../Src/syscalls.c:152: multiple definition of `_execve'; ./Src/Src/syscalls.o:/home/parag/mcpi_assignments/DAY03_2/Debug/../Src/Src/syscalls.c:152: first defined here
/opt/st/stm32cubeide_1.15.0/plugins/com.st.stm32cube.ide.mcu.externaltools.gnu-tools-for-stm32.12.3.rel1.linux64_1.0.100.202403111256/tools/bin/../lib/gcc/arm-none-eabi/12.3.1/../../../../arm-none-eabi/bin/ld: ./Src/sysmem.o: in function `_sbrk':
/home/parag/mcpi_assignments/DAY03_2/Debug/../Src/sysmem.c:54: multiple definition of `_sbrk'; ./Src/Src/sysmem.o:/home/parag/mcpi_assignments/DAY03_2/Debug/../Src/Src/sysmem.c:54: first defined here
/opt/st/stm32cubeide_1.15.0/plugins/com.st.stm32cube.ide.mcu.externaltools.gnu-tools-for-stm32.12.3.rel1.linux64_1.0.100.202403111256/tools/bin/../lib/gcc/arm-none-eabi/12.3.1/../../../../arm-none-eabi/bin/ld: ./Src/system_stm32f4xx.o:/home/parag/mcpi_assignments/DAY03_2/Debug/../Src/system_stm32f4xx.c:75: multiple definition of `SystemCoreClock'; ./Src/Src/system_stm32f4xx.o:/home/parag/mcpi_assignments/DAY03_2/Debug/../Src/Src/system_stm32f4xx.c:75: first defined here
/opt/st/stm32cubeide_1.15.0/plugins/com.st.stm32cube.ide.mcu.externaltools.gnu-tools-for-stm32.12.3.rel1.linux64_1.0.100.202403111256/tools/bin/../lib/gcc/arm-none-eabi/12.3.1/../../../../arm-none-eabi/bin/ld: ./Src/system_stm32f4xx.o:/home/parag/mcpi_assignments/DAY03_2/Debug/../Src/system_stm32f4xx.c:76: multiple definition of `AHBPrescTable'; ./Src/Src/system_stm32f4xx.o:/home/parag/mcpi_assignments/DAY03_2/Debug/../Src/Src/system_stm32f4xx.c:76: first defined here
/opt/st/stm32cubeide_1.15.0/plugins/com.st.stm32cube.ide.mcu.externaltools.gnu-tools-for-stm32.12.3.rel1.linux64_1.0.100.202403111256/tools/bin/../lib/gcc/arm-none-eabi/12.3.1/../../../../arm-none-eabi/bin/ld: ./Src/system_stm32f4xx.o:/home/parag/mcpi_assignments/DAY03_2/Debug/../Src/system_stm32f4xx.c:77: multiple definition of `APBPrescTable'; ./Src/Src/system_stm32f4xx.o:/home/parag/mcpi_assignments/DAY03_2/Debug/../Src/Src/system_stm32f4xx.c:77: first defined here
/opt/st/stm32cubeide_1.15.0/plugins/com.st.stm32cube.ide.mcu.externaltools.gnu-tools-for-stm32.12.3.rel1.linux64_1.0.100.202403111256/tools/bin/../lib/gcc/arm-none-eabi/12.3.1/../../../../arm-none-eabi/bin/ld: ./Src/system_stm32f4xx.o: in function `SystemInit':
/home/parag/mcpi_assignments/DAY03_2/Debug/../Src/system_stm32f4xx.c:94: multiple definition of `SystemInit'; ./Src/Src/system_stm32f4xx.o:/home/parag/mcpi_assignments/DAY03_2/Debug/../Src/Src/system_stm32f4xx.c:94: first defined here
/opt/st/stm32cubeide_1.15.0/plugins/com.st.stm32cube.ide.mcu.externaltools.gnu-tools-for-stm32.12.3.rel1.linux64_1.0.100.202403111256/tools/bin/../lib/gcc/arm-none-eabi/12.3.1/../../../../arm-none-eabi/bin/ld: ./Src/system_stm32f4xx.o: in function `DWT_Init':
/home/parag/mcpi_assignments/DAY03_2/Debug/../Src/system_stm32f4xx.c:202: multiple definition of `DWT_Init'; ./Src/Src/system_stm32f4xx.o:/home/parag/mcpi_assignments/DAY03_2/Debug/../Src/Src/system_stm32f4xx.c:202: first defined here
/opt/st/stm32cubeide_1.15.0/plugins/com.st.stm32cube.ide.mcu.externaltools.gnu-tools-for-stm32.12.3.rel1.linux64_1.0.100.202403111256/tools/bin/../lib/gcc/arm-none-eabi/12.3.1/../../../../arm-none-eabi/bin/ld: ./Src/system_stm32f4xx.o: in function `SystemCoreClockUpdate':
/home/parag/mcpi_assignments/DAY03_2/Debug/../Src/system_stm32f4xx.c:135: multiple definition of `SystemCoreClockUpdate'; ./Src/Src/system_stm32f4xx.o:/home/parag/mcpi_assignments/DAY03_2/Debug/../Src/Src/system_stm32f4xx.c:135: first defined here
/opt/st/stm32cubeide_1.15.0/plugins/com.st.stm32cube.ide.mcu.externaltools.gnu-tools-for-stm32.12.3.rel1.linux64_1.0.100.202403111256/tools/bin/../lib/gcc/arm-none-eabi/12.3.1/../../../../arm-none-eabi/bin/ld: ./Src/system_stm32f4xx.o: in function `SwDelayMs':
/home/parag/mcpi_assignments/DAY03_2/Debug/../Src/system_stm32f4xx.c:195: multiple definition of `SwDelayMs'; ./Src/Src/system_stm32f4xx.o:/home/parag/mcpi_assignments/DAY03_2/Debug/../Src/Src/system_stm32f4xx.c:195: first defined here
/opt/st/stm32cubeide_1.15.0/plugins/com.st.stm32cube.ide.mcu.externaltools.gnu-tools-for-stm32.12.3.rel1.linux64_1.0.100.202403111256/tools/bin/../lib/gcc/arm-none-eabi/12.3.1/../../../../arm-none-eabi/bin/ld: ./Startup/startup_stm32f407vgtx.o:(.isr_vector+0x0): multiple definition of `g_pfnVectors'; ./Src/Startup/startup_stm32f407vgtx.o:(.isr_vector+0x0): first defined here
/opt/st/stm32cubeide_1.15.0/plugins/com.st.stm32cube.ide.mcu.externaltools.gnu-tools-for-stm32.12.3.rel1.linux64_1.0.100.202403111256/tools/bin/../lib/gcc/arm-none-eabi/12.3.1/../../../../arm-none-eabi/bin/ld: ./Startup/startup_stm32f407vgtx.o: in function `Default_Handler':
/home/parag/mcpi_assignments/DAY03_2/Debug/../Startup/startup_stm32f407vgtx.s:115: multiple definition of `Default_Handler'; ./Src/Startup/startup_stm32f407vgtx.o:/home/parag/mcpi_assignments/DAY03_2/Debug/../Src/Startup/startup_stm32f407vgtx.s:115: first defined here
collect2: error: ld returned 1 exit status
make: *** [makefile:65: DAY03_2.elf] Error 1
"make -j8 all" terminated with exit code 2. Build might be incomplete.

19:23:32 Build Failed. 31 errors, 0 warnings. (took 173ms)

